<?xml version="1.0" encoding="UTF-8"?>
<testsuite xmlns:xsi="http://www.w3.org/2001/XMLSchema-instance" xsi:noNamespaceSchemaLocation="https://maven.apache.org/surefire/maven-surefire-plugin/xsd/surefire-test-report-3.0.xsd" version="3.0" name="IngredientTest" time="0.001" tests="12" errors="0" skipped="0" failures="0">
  <properties>
[...]
</properties>
  <testcase name="getPriceTest[0]" classname="IngredientTest" time="0"/>
  <testcase name="getNameTest[0]" classname="IngredientTest" time="0"/>
  <testcase name="getTypeTest[0]" classname="IngredientTest" time="0.001"/>
  <testcase name="getPriceTest[1]" classname="IngredientTest" time="0"/>
  <testcase name="getNameTest[1]" classname="IngredientTest" time="0"/>
  <testcase name="getTypeTest[1]" classname="IngredientTest" time="0"/>
  <testcase name="getPriceTest[2]" classname="IngredientTest" time="0"/>
  <testcase name="getNameTest[2]" classname="IngredientTest" time="0"/>
  <testcase name="getTypeTest[2]" classname="IngredientTest" time="0"/>
  <testcase name="getPriceTest[3]" classname="IngredientTest" time="0"/>
  <testcase name="getNameTest[3]" classname="IngredientTest" time="0"/>
  <testcase name="getTypeTest[3]" classname="IngredientTest" time="0"/>
</testsuite>